<?xml version="1.0" encoding="UTF-8"?>
<testng-results ignored="0" total="2" passed="2" failed="0" skipped="0">
  <reporter-output>
  </reporter-output>
  <suite started-at="2023-08-27T10:54:17 IST" name="Suite" finished-at="2023-08-27T10:54:31 IST" duration-ms="14020">
    <groups>
    </groups>
    <test started-at="2023-08-27T10:54:17 IST" name="Test" finished-at="2023-08-27T10:54:31 IST" duration-ms="14020">
      <class name="com.jpmc.Test2">
        <test-method signature="method2()[pri:0, instance:com.jpmc.Test2@909217e]" started-at="2023-08-27T10:54:17 IST" name="method2" finished-at="2023-08-27T10:54:31 IST" duration-ms="13948" status="PASS">
          <reporter-output>
          </reporter-output>
        </test-method> <!-- method2 -->
      </class> <!-- com.jpmc.Test2 -->
      <class name="com.jpmc.Test1">
        <test-method signature="method()[pri:0, instance:com.jpmc.Test1@742ff096]" started-at="2023-08-27T10:54:17 IST" name="method" finished-at="2023-08-27T10:54:26 IST" duration-ms="8593" status="PASS">
          <reporter-output>
          </reporter-output>
        </test-method> <!-- method -->
      </class> <!-- com.jpmc.Test1 -->
    </test> <!-- Test -->
  </suite> <!-- Suite -->
</testng-results>
