<?xml version="1.0" encoding="UTF-8"?>
<testng-results ignored="0" total="2" passed="2" failed="0" skipped="0">
  <reporter-output>
  </reporter-output>
  <suite started-at="2023-08-27T12:52:29 IST" name="Default suite" finished-at="2023-08-27T12:52:45 IST" duration-ms="16077">
    <groups>
      <group name="cucumber">
        <method signature="AbstractTestNGCucumberTests.runScenario(io.cucumber.testng.PickleWrapper,io.cucumber.testng.FeatureWrapper)[pri:0, instance:runner.runner1@61c4eee0]" name="runScenario" class="io.cucumber.testng.AbstractTestNGCucumberTests"/>
      </group> <!-- cucumber -->
    </groups>
    <test started-at="2023-08-27T12:52:29 IST" name="Default test" finished-at="2023-08-27T12:52:45 IST" duration-ms="16077">
      <class name="runner.runner1">
        <test-method is-config="true" signature="setUpClass(org.testng.ITestContext)[pri:0, instance:runner.runner1@61c4eee0]" started-at="2023-08-27T12:52:29 IST" name="setUpClass" finished-at="2023-08-27T12:52:29 IST" duration-ms="280" status="PASS">
          <params>
            <param index="0">
              <value>
                <![CDATA[org.testng.TestRunner@250a9031]]>
              </value>
            </param>
          </params>
          <reporter-output>
          </reporter-output>
        </test-method> <!-- setUpClass -->
        <test-method signature="runScenario(io.cucumber.testng.PickleWrapper,io.cucumber.testng.FeatureWrapper)[pri:0, instance:runner.runner1@61c4eee0]" started-at="2023-08-27T12:52:30 IST" name="runScenario" description="Runs Cucumber Scenarios" data-provider="scenarios" finished-at="2023-08-27T12:52:36 IST" duration-ms="6245" status="PASS">
          <params>
            <param index="0">
              <value>
                <![CDATA["Login gmail"]]>
              </value>
            </param>
            <param index="1">
              <value>
                <![CDATA["Login gmail"]]>
              </value>
            </param>
          </params>
          <reporter-output>
          </reporter-output>
        </test-method> <!-- runScenario -->
        <test-method signature="runScenario(io.cucumber.testng.PickleWrapper,io.cucumber.testng.FeatureWrapper)[pri:0, instance:runner.runner1@61c4eee0]" started-at="2023-08-27T12:52:36 IST" name="runScenario" description="Runs Cucumber Scenarios" data-provider="scenarios" finished-at="2023-08-27T12:52:45 IST" duration-ms="9484" status="PASS">
          <params>
            <param index="0">
              <value>
                <![CDATA["Login jpmc"]]>
              </value>
            </param>
            <param index="1">
              <value>
                <![CDATA["Login jpmc"]]>
              </value>
            </param>
          </params>
          <reporter-output>
          </reporter-output>
        </test-method> <!-- runScenario -->
        <test-method is-config="true" signature="tearDownClass()[pri:0, instance:runner.runner1@61c4eee0]" started-at="2023-08-27T12:52:45 IST" name="tearDownClass" finished-at="2023-08-27T12:52:45 IST" duration-ms="7" status="PASS">
          <reporter-output>
          </reporter-output>
        </test-method> <!-- tearDownClass -->
      </class> <!-- runner.runner1 -->
    </test> <!-- Default test -->
  </suite> <!-- Default suite -->
</testng-results>
